<?xml version="1.0" encoding="UTF-8"?>
<!-- Generated by org.testng.reporters.JUnitReportReporter -->
<testsuite skipped="0" hostname="TJ" name="selenium.TestNGConcepts" tests="1" failures="0" timestamp="2023-06-06T11:13:59 IST" time="0.007" errors="0">
  <testcase name="testSceanrio1" time="0.007" classname="selenium.TestNGConcepts"/>
  <system-out/>
</testsuite> <!-- selenium.TestNGConcepts -->
