<?xml version="1.0" encoding="UTF-8"?>
<!-- Generated by org.testng.reporters.JUnitReportReporter -->
<testsuite skipped="0" hostname="TJ" name="org.Manipal.testCases.TestCase1" tests="1" failures="0" timestamp="2023-06-07T12:32:09 IST" time="2.466" errors="0">
  <testcase name="scenario1" time="2.466" classname="org.Manipal.testCases.TestCase1"/>
  <system-out/>
</testsuite> <!-- org.Manipal.testCases.TestCase1 -->
