<?xml version="1.0" encoding="UTF-8"?>
<!-- Generated by org.testng.reporters.JUnitReportReporter -->
<testsuite skipped="0" hostname="TJ" name="base.BaseConfigurations" tests="1" failures="0" timestamp="2023-06-06T12:18:00 IST" time="6.353" errors="0">
  <testcase name="getDriver" time="6.353" classname="base.BaseConfigurations"/>
  <system-out/>
</testsuite> <!-- base.BaseConfigurations -->
