<?xml version="1.0" encoding="UTF-8"?>
<!-- Generated by org.testng.reporters.JUnitReportReporter -->
<testsuite skipped="0" hostname="TJ" name="selenium.TestPrac" tests="1" failures="0" timestamp="2023-06-08T00:34:18 IST" time="14.597" errors="0">
  <testcase name="launchFB" time="14.597" classname="selenium.TestPrac"/>
  <system-out/>
</testsuite> <!-- selenium.TestPrac -->
