<?xml version="1.0" encoding="UTF-8"?>
<!-- Generated by org.testng.reporters.JUnitReportReporter -->
<testsuite skipped="0" hostname="TJ" name="selenium.TestPrac2" tests="1" failures="0" timestamp="2023-06-08T00:34:18 IST" time="5.624" errors="0">
  <testcase name="launchGoogle" time="5.624" classname="selenium.TestPrac2"/>
  <system-out/>
</testsuite> <!-- selenium.TestPrac2 -->
