<?xml version="1.0" encoding="UTF-8"?>
<!-- Generated by org.testng.reporters.JUnitReportReporter -->
<testsuite skipped="0" hostname="TJ" name="selenium.TestNGAnnotation" tests="2" failures="0" timestamp="2023-06-06T11:13:59 IST" time="0.003" errors="0">
  <testcase name="testCase" time="0.002" classname="selenium.TestNGAnnotation"/>
  <system-out/>
  <testcase name="testCase1" time="0.001" classname="selenium.TestNGAnnotation"/>
  <system-out/>
</testsuite> <!-- selenium.TestNGAnnotation -->
