<?xml version="1.0" encoding="UTF-8"?>
<!-- Generated by org.testng.reporters.JUnitReportReporter -->
<testsuite hostname="TJ" failures="0" tests="2" name="selenium.TestNGAnnotation" time="0.000" errors="0" timestamp="09 Jun 2023 06:06:55 GMT" skipped="0">
  <testcase classname="selenium.TestNGAnnotation" name="testCase" time="0.000"/>
  <testcase classname="selenium.TestNGAnnotation" name="testCase1" time="0.000"/>
</testsuite> <!-- selenium.TestNGAnnotation -->
