<?xml version="1.0" encoding="UTF-8"?>
<!-- Generated by org.testng.reporters.JUnitReportReporter -->
<testsuite hostname="TJ" failures="0" tests="1" name="selenium.TestNGConcepts" time="0.004" errors="0" timestamp="09 Jun 2023 06:06:55 GMT" skipped="0">
  <testcase classname="selenium.TestNGConcepts" name="testSceanrio1" time="0.004"/>
</testsuite> <!-- selenium.TestNGConcepts -->
